<?xml version="1.0" encoding="UTF-8"?>
<!-- Generated by org.testng.reporters.JUnitXMLReporter -->
<testsuite ignored="0" hostname="DESKTOP-1JREN33" failures="1" tests="3" name="Test" time="15.971" errors="0" timestamp="2023-05-29T16:18:56 IST">
  <testcase classname="com.TestNG.ValidData" name="assertion" time="6.223">
    <skipped/>
  </testcase> <!-- assertion -->
  <testcase classname="com.TestNG.ValidData" name="assertion" time="4.749">
    <skipped/>
  </testcase> <!-- assertion -->
  <testcase classname="com.TestNG.ValidData" name="assertion" time="4.914">
    <failure type="java.lang.AssertionError" message="The following asserts failed:
	expected [G-mail] but found [Sign in - Google Accounts]">
      <![CDATA[java.lang.AssertionError: The following asserts failed:
expected [G-mail] but found [Sign in - Google Accounts]
at com.TestNG.ValidData.assertion(ValidData.java:37)
at java.base/java.util.ArrayList.forEach(ArrayList.java:1511)
... Removed 27 stack frames]]>
    </failure>
  </testcase> <!-- assertion -->
</testsuite> <!-- Test -->
